#
# There is insufficient memory for the Java Runtime Environment to continue.
# Native memory allocation (malloc) failed to allocate 32744 bytes for ChunkPool::allocate
# Possible reasons:
#   The system is out of physical RAM or swap space
#   In 32 bit mode, the process size limit was hit
# Possible solutions:
#   Reduce memory load on the system
#   Increase physical memory or swap space
#   Check if swap backing store is full
#   Use 64 bit Java on a 64 bit OS
#   Decrease Java heap size (-Xmx/-Xms)
#   Decrease number of Java threads
#   Decrease Java thread stack sizes (-Xss)
#   Set larger code cache with -XX:ReservedCodeCacheSize=
# This output file may be truncated or incomplete.
#
#  Out of Memory Error (allocation.cpp:273), pid=37876, tid=0x000000000000e21c
#
# JRE version: OpenJDK Runtime Environment (8.0_76-b03) (build 1.8.0_76-release-b03)
# Java VM: OpenJDK 64-Bit Server VM (25.76-b03 mixed mode windows-amd64 compressed oops)
# Failed to write core dump. Minidumps are not enabled by default on client versions of Windows
#

---------------  T H R E A D  ---------------

Current thread (0x000000001659b000):  JavaThread "C2 CompilerThread1" daemon [_thread_in_native, id=57884, stack(0x0000000017ff0000,0x00000000180f0000)]

Stack: [0x0000000017ff0000,0x00000000180f0000]
[error occurred during error reporting (printing stack bounds), id 0xc0000005]

Native frames: (J=compiled Java code, j=interpreted, Vv=VM code, C=native code)


Current CompileTask:
C2:3920117 14049   !   4       java.security.Provider$Service::newInstance (416 bytes)


---------------  P R O C E S S  ---------------

Java Threads: ( => current thread )
  0x00000000188ce000 JavaThread "Stdin handler" [_thread_blocked, id=33460, stack(0x00000000286a0000,0x00000000287a0000)]
  0x00000000188cb800 JavaThread "Asynchronous log dispatcher for org.gradle.launcher.daemon.server.DefaultDaemonConnection@2f051e23" [_thread_blocked, id=49296, stack(0x00000000285a0000,0x00000000286a0000)]
  0x00000000188cb000 JavaThread "Daemon worker Thread 6" [_thread_in_vm, id=18876, stack(0x00000000284a0000,0x00000000285a0000)]
  0x00000000188ca000 JavaThread "Cancel handler" [_thread_blocked, id=56124, stack(0x00000000283a0000,0x00000000284a0000)]
  0x00000000188cd000 JavaThread "Handler for socket connection from /127.0.0.1:49524 to /127.0.0.1:52560" [_thread_in_native, id=30644, stack(0x00000000282a0000,0x00000000283a0000)]
  0x00000000188c8800 JavaThread "Daemon Thread 6" [_thread_blocked, id=54164, stack(0x00000000281a0000,0x00000000282a0000)]
  0x000000001799a800 JavaThread "pool-4-thread-4" [_thread_blocked, id=25992, stack(0x0000000024aa0000,0x0000000024ba0000)]
  0x0000000017997800 JavaThread "pool-4-thread-3" [_thread_blocked, id=7328, stack(0x0000000023da0000,0x0000000023ea0000)]
  0x000000001cb88000 JavaThread "pool-4-thread-2" [_thread_blocked, id=15416, stack(0x0000000022650000,0x0000000022750000)]
  0x000000001cb85000 JavaThread "pool-4-thread-1" [_thread_blocked, id=51492, stack(0x0000000022550000,0x0000000022650000)]
  0x000000001cb82000 JavaThread "pool-2-thread-1" [_thread_blocked, id=11668, stack(0x000000001e3b0000,0x000000001e4b0000)]
  0x000000001cb86800 JavaThread "File lock request listener" [_thread_in_native, id=52356, stack(0x000000001ce40000,0x000000001cf40000)]
  0x00000000190ec000 JavaThread "pool-1-thread-1" [_thread_blocked, id=53432, stack(0x0000000019fa0000,0x000000001a0a0000)]
  0x0000000019411800 JavaThread "Incoming local TCP Connector on port 49524" [_thread_in_native, id=28852, stack(0x0000000018bf0000,0x0000000018cf0000)]
  0x00000000165ee000 JavaThread "Service Thread" daemon [_thread_blocked, id=12408, stack(0x00000000181f0000,0x00000000182f0000)]
  0x00000000165e8000 JavaThread "C1 CompilerThread2" daemon [_thread_blocked, id=35916, stack(0x00000000180f0000,0x00000000181f0000)]
=>0x000000001659b000 JavaThread "C2 CompilerThread1" daemon [_thread_in_native, id=57884, stack(0x0000000017ff0000,0x00000000180f0000)]
  0x0000000016599000 JavaThread "C2 CompilerThread0" daemon [_thread_in_native, id=58324, stack(0x0000000017ef0000,0x0000000017ff0000)]
  0x00000000165e6800 JavaThread "Attach Listener" daemon [_thread_blocked, id=12168, stack(0x0000000017df0000,0x0000000017ef0000)]
  0x0000000016585800 JavaThread "Signal Dispatcher" daemon [_thread_blocked, id=32148, stack(0x0000000017cf0000,0x0000000017df0000)]
  0x0000000016578800 JavaThread "Finalizer" daemon [_thread_blocked, id=7744, stack(0x00000000177f0000,0x00000000178f0000)]
  0x0000000002c10000 JavaThread "Reference Handler" daemon [_thread_blocked, id=4832, stack(0x00000000176f0000,0x00000000177f0000)]
  0x0000000002b20800 JavaThread "main" [_thread_blocked, id=17964, stack(0x00000000029b0000,0x0000000002ab0000)]

Other Threads:
  0x0000000016554800 VMThread [stack: 0x00000000175f0000,0x00000000176f0000] [id=42620]
  0x0000000017902000 WatcherThread [stack: 0x00000000182f0000,0x00000000183f0000] [id=38184]

VM state:not at safepoint (normal execution)

VM Mutex/Monitor currently owned by a thread: None

Heap:
 PSYoungGen      total 197632K, used 12434K [0x00000000e0000000, 0x00000000ee180000, 0x0000000100000000)
  eden space 193024K, 6% used [0x00000000e0000000,0x00000000e0c24bc8,0x00000000ebc80000)
  from space 4608K, 0% used [0x00000000ebc80000,0x00000000ebc80000,0x00000000ec100000)
  to   space 18944K, 0% used [0x00000000ecf00000,0x00000000ecf00000,0x00000000ee180000)
 ParOldGen       total 143872K, used 22849K [0x00000000a0000000, 0x00000000a8c80000, 0x00000000e0000000)
  object space 143872K, 15% used [0x00000000a0000000,0x00000000a1650630,0x00000000a8c80000)
 Metaspace       used 63201K, capacity 64916K, committed 66304K, reserved 1107968K
  class space    used 7832K, capacity 8158K, committed 8448K, reserved 1048576K

Card table byte_map: [0x0000000011fe0000,0x00000000122f0000] byte_map_base: 0x0000000011ae0000

Marking Bits: (ParMarkBitMap*) 0x000000005fd59d00
 Begin Bits: [0x00000000128f0000, 0x00000000140f0000)
 End Bits:   [0x00000000140f0000, 0x00000000158f0000)

Polling page: 0x00000000003f0000

CodeCache: size=245760Kb used=41805Kb max_used=41805Kb free=203954Kb
 bounds [0x0000000002c20000, 0x0000000005540000, 0x0000000011c20000]
 total_blobs=12358 nmethods=11618 adapters=652
 compilation: enabled

Compilation events (10 events):
Event: 3919.784 Thread 0x00000000165e8000 14064       3       org.gradle.internal.resource.UriTextResource::getLocation (10 bytes)
Event: 3919.784 Thread 0x00000000165e8000 nmethod 14064 0x0000000004026050 code [0x00000000040261c0, 0x0000000004026490]
Event: 3919.784 Thread 0x00000000165e8000 14065       3       org.gradle.internal.resource.UriTextResource$UriResourceLocation::<init> (6 bytes)
Event: 3919.785 Thread 0x00000000165e8000 nmethod 14065 0x0000000004025bd0 code [0x0000000004025d40, 0x0000000004025f70]
Event: 3919.794 Thread 0x00000000165e8000 14068       3       org.gradle.model.internal.type.ParameterizedTypeWrapper::<init> (31 bytes)
Event: 3919.794 Thread 0x00000000165e8000 nmethod 14068 0x000000000301ef50 code [0x000000000301f0c0, 0x000000000301f308]
Event: 3919.795 Thread 0x00000000165e8000 14069       1       org.gradle.model.internal.inspect.UnmanagedModelCreationRuleExtractor$UnmanagedElementCreationAction::getSubject (5 bytes)
Event: 3919.795 Thread 0x00000000165e8000 nmethod 14069 0x000000000301dd10 code [0x000000000301de60, 0x000000000301df70]
Event: 3919.801 Thread 0x00000000165e8000 14070       3       org.gradle.api.internal.project.AbstractProject::getConvention (8 bytes)
Event: 3919.801 Thread 0x00000000165e8000 nmethod 14070 0x0000000004025790 code [0x00000000040258e0, 0x0000000004025ad0]

GC Heap History (10 events):
Event: 1505.234 GC heap before
{Heap before GC invocations=25 (full 6):
 PSYoungGen      total 209408K, used 183096K [0x00000000e0000000, 0x00000000ee200000, 0x0000000100000000)
  eden space 199680K, 90% used [0x00000000e0000000,0x00000000eb05e378,0x00000000ec300000)
  from space 9728K, 25% used [0x00000000ed880000,0x00000000edaf0000,0x00000000ee200000)
  to   space 15872K, 0% used [0x00000000ec300000,0x00000000ec300000,0x00000000ed280000)
 ParOldGen       total 143872K, used 32504K [0x00000000a0000000, 0x00000000a8c80000, 0x00000000e0000000)
  object space 143872K, 22% used [0x00000000a0000000,0x00000000a1fbe1e8,0x00000000a8c80000)
 Metaspace       used 63191K, capacity 65280K, committed 65408K, reserved 1105920K
  class space    used 7915K, capacity 8304K, committed 8320K, reserved 1048576K
Event: 1505.241 GC heap after
Heap after GC invocations=25 (full 6):
 PSYoungGen      total 215552K, used 1648K [0x00000000e0000000, 0x00000000ee200000, 0x0000000100000000)
  eden space 199680K, 0% used [0x00000000e0000000,0x00000000e0000000,0x00000000ec300000)
  from space 15872K, 10% used [0x00000000ec300000,0x00000000ec49c010,0x00000000ed280000)
  to   space 15872K, 0% used [0x00000000ed280000,0x00000000ed280000,0x00000000ee200000)
 ParOldGen       total 143872K, used 32512K [0x00000000a0000000, 0x00000000a8c80000, 0x00000000e0000000)
  object space 143872K, 22% used [0x00000000a0000000,0x00000000a1fc01e8,0x00000000a8c80000)
 Metaspace       used 63191K, capacity 65280K, committed 65408K, reserved 1105920K
  class space    used 7915K, capacity 8304K, committed 8320K, reserved 1048576K
}
Event: 1505.241 GC heap before
{Heap before GC invocations=26 (full 7):
 PSYoungGen      total 215552K, used 1648K [0x00000000e0000000, 0x00000000ee200000, 0x0000000100000000)
  eden space 199680K, 0% used [0x00000000e0000000,0x00000000e0000000,0x00000000ec300000)
  from space 15872K, 10% used [0x00000000ec300000,0x00000000ec49c010,0x00000000ed280000)
  to   space 15872K, 0% used [0x00000000ed280000,0x00000000ed280000,0x00000000ee200000)
 ParOldGen       total 143872K, used 32512K [0x00000000a0000000, 0x00000000a8c80000, 0x00000000e0000000)
  object space 143872K, 22% used [0x00000000a0000000,0x00000000a1fc01e8,0x00000000a8c80000)
 Metaspace       used 63191K, capacity 65280K, committed 65408K, reserved 1105920K
  class space    used 7915K, capacity 8304K, committed 8320K, reserved 1048576K
Event: 1505.587 GC heap after
Heap after GC invocations=26 (full 7):
 PSYoungGen      total 215552K, used 0K [0x00000000e0000000, 0x00000000ee200000, 0x0000000100000000)
  eden space 199680K, 0% used [0x00000000e0000000,0x00000000e0000000,0x00000000ec300000)
  from space 15872K, 0% used [0x00000000ec300000,0x00000000ec300000,0x00000000ed280000)
  to   space 15872K, 0% used [0x00000000ed280000,0x00000000ed280000,0x00000000ee200000)
 ParOldGen       total 143872K, used 33691K [0x00000000a0000000, 0x00000000a8c80000, 0x00000000e0000000)
  object space 143872K, 23% used [0x00000000a0000000,0x00000000a20e6d58,0x00000000a8c80000)
 Metaspace       used 63191K, capacity 65280K, committed 65408K, reserved 1105920K
  class space    used 7915K, capacity 8304K, committed 8320K, reserved 1048576K
}
Event: 3750.513 GC heap before
{Heap before GC invocations=27 (full 7):
 PSYoungGen      total 215552K, used 199680K [0x00000000e0000000, 0x00000000ee200000, 0x0000000100000000)
  eden space 199680K, 100% used [0x00000000e0000000,0x00000000ec300000,0x00000000ec300000)
  from space 15872K, 0% used [0x00000000ec300000,0x00000000ec300000,0x00000000ed280000)
  to   space 15872K, 0% used [0x00000000ed280000,0x00000000ed280000,0x00000000ee200000)
 ParOldGen       total 143872K, used 33691K [0x00000000a0000000, 0x00000000a8c80000, 0x00000000e0000000)
  object space 143872K, 23% used [0x00000000a0000000,0x00000000a20e6d58,0x00000000a8c80000)
 Metaspace       used 63721K, capacity 66064K, committed 66304K, reserved 1107968K
  class space    used 7955K, capacity 8394K, committed 8448K, reserved 1048576K
Event: 3750.555 GC heap after
Heap after GC invocations=27 (full 7):
 PSYoungGen      total 208896K, used 15861K [0x00000000e0000000, 0x00000000ee280000, 0x0000000100000000)
  eden space 193024K, 0% used [0x00000000e0000000,0x00000000e0000000,0x00000000ebc80000)
  from space 15872K, 99% used [0x00000000ed280000,0x00000000ee1fd640,0x00000000ee200000)
  to   space 19456K, 0% used [0x00000000ebc80000,0x00000000ebc80000,0x00000000ecf80000)
 ParOldGen       total 143872K, used 35735K [0x00000000a0000000, 0x00000000a8c80000, 0x00000000e0000000)
  object space 143872K, 24% used [0x00000000a0000000,0x00000000a22e5f38,0x00000000a8c80000)
 Metaspace       used 63721K, capacity 66064K, committed 66304K, reserved 1107968K
  class space    used 7955K, capacity 8394K, committed 8448K, reserved 1048576K
}
Event: 3750.927 GC heap before
{Heap before GC invocations=28 (full 7):
 PSYoungGen      total 208896K, used 38486K [0x00000000e0000000, 0x00000000ee280000, 0x0000000100000000)
  eden space 193024K, 11% used [0x00000000e0000000,0x00000000e1618308,0x00000000ebc80000)
  from space 15872K, 99% used [0x00000000ed280000,0x00000000ee1fd640,0x00000000ee200000)
  to   space 19456K, 0% used [0x00000000ebc80000,0x00000000ebc80000,0x00000000ecf80000)
 ParOldGen       total 143872K, used 35735K [0x00000000a0000000, 0x00000000a8c80000, 0x00000000e0000000)
  object space 143872K, 24% used [0x00000000a0000000,0x00000000a22e5f38,0x00000000a8c80000)
 Metaspace       used 63766K, capacity 66128K, committed 66304K, reserved 1107968K
  class space    used 7955K, capacity 8394K, committed 8448K, reserved 1048576K
Event: 3750.934 GC heap after
Heap after GC invocations=28 (full 7):
 PSYoungGen      total 197632K, used 4173K [0x00000000e0000000, 0x00000000ee180000, 0x0000000100000000)
  eden space 193024K, 0% used [0x00000000e0000000,0x00000000e0000000,0x00000000ebc80000)
  from space 4608K, 90% used [0x00000000ebc80000,0x00000000ec093528,0x00000000ec100000)
  to   space 18944K, 0% used [0x00000000ecf00000,0x00000000ecf00000,0x00000000ee180000)
 ParOldGen       total 143872K, used 35743K [0x00000000a0000000, 0x00000000a8c80000, 0x00000000e0000000)
  object space 143872K, 24% used [0x00000000a0000000,0x00000000a22e7f38,0x00000000a8c80000)
 Metaspace       used 63766K, capacity 66128K, committed 66304K, reserved 1107968K
  class space    used 7955K, capacity 8394K, committed 8448K, reserved 1048576K
}
Event: 3750.934 GC heap before
{Heap before GC invocations=29 (full 8):
 PSYoungGen      total 197632K, used 4173K [0x00000000e0000000, 0x00000000ee180000, 0x0000000100000000)
  eden space 193024K, 0% used [0x00000000e0000000,0x00000000e0000000,0x00000000ebc80000)
  from space 4608K, 90% used [0x00000000ebc80000,0x00000000ec093528,0x00000000ec100000)
  to   space 18944K, 0% used [0x00000000ecf00000,0x00000000ecf00000,0x00000000ee180000)
 ParOldGen       total 143872K, used 35743K [0x00000000a0000000, 0x00000000a8c80000, 0x00000000e0000000)
  object space 143872K, 24% used [0x00000000a0000000,0x00000000a22e7f38,0x00000000a8c80000)
 Metaspace       used 63766K, capacity 66128K, committed 66304K, reserved 1107968K
  class space    used 7955K, capacity 8394K, committed 8448K, reserved 1048576K
Event: 3751.173 GC heap after
Heap after GC invocations=29 (full 8):
 PSYoungGen      total 197632K, used 0K [0x00000000e0000000, 0x00000000ee180000, 0x0000000100000000)
  eden space 193024K, 0% used [0x00000000e0000000,0x00000000e0000000,0x00000000ebc80000)
  from space 4608K, 0% used [0x00000000ebc80000,0x00000000ebc80000,0x00000000ec100000)
  to   space 18944K, 0% used [0x00000000ecf00000,0x00000000ecf00000,0x00000000ee180000)
 ParOldGen       total 143872K, used 22849K [0x00000000a0000000, 0x00000000a8c80000, 0x00000000e0000000)
  object space 143872K, 15% used [0x00000000a0000000,0x00000000a1650630,0x00000000a8c80000)
 Metaspace       used 62986K, capacity 64524K, committed 66304K, reserved 1107968K
  class space    used 7807K, capacity 8112K, committed 8448K, reserved 1048576K
}

Deoptimization events (10 events):
Event: 3751.182 Thread 0x000000001799a000 Uncommon trap: reason=unstable_if action=reinterpret pc=0x0000000004bf734c method=java.lang.ref.SoftReference.get()Ljava/lang/Object; @ 6
Event: 3751.185 Thread 0x000000001799a000 Uncommon trap: reason=unstable_if action=reinterpret pc=0x00000000048ec39c method=java.lang.ref.SoftReference.get()Ljava/lang/Object; @ 6
Event: 3751.185 Thread 0x000000001799a000 Uncommon trap: reason=unstable_if action=reinterpret pc=0x0000000003797c04 method=java.lang.ref.SoftReference.get()Ljava/lang/Object; @ 6
Event: 3919.749 Thread 0x00000000188cb000 Uncommon trap: reason=unstable_if action=reinterpret pc=0x000000000373b7a8 method=java.lang.ref.SoftReference.get()Ljava/lang/Object; @ 6
Event: 3919.749 Thread 0x00000000188cb000 Uncommon trap: reason=unstable_if action=reinterpret pc=0x0000000003a08d8c method=java.lang.ref.SoftReference.get()Ljava/lang/Object; @ 6
Event: 3919.749 Thread 0x00000000188cb000 Uncommon trap: reason=unstable_if action=reinterpret pc=0x000000000338de34 method=java.lang.ref.SoftReference.get()Ljava/lang/Object; @ 6
Event: 3919.750 Thread 0x00000000188cb000 Uncommon trap: reason=unstable_if action=reinterpret pc=0x00000000039e015c method=java.lang.ref.SoftReference.get()Ljava/lang/Object; @ 6
Event: 3919.751 Thread 0x00000000188cb000 Uncommon trap: reason=unstable_if action=reinterpret pc=0x0000000003721484 method=java.lang.ref.SoftReference.get()Ljava/lang/Object; @ 6
Event: 3919.751 Thread 0x00000000188cb000 Uncommon trap: reason=unstable_if action=reinterpret pc=0x0000000003e2b0dc method=java.lang.ref.SoftReference.get()Ljava/lang/Object; @ 6
Event: 3919.757 Thread 0x00000000188cb000 Uncommon trap: reason=unstable_if action=reinterpret pc=0x0000000002d3a7d0 method=java.lang.ref.SoftReference.get()Ljava/lang/Object; @ 6

Internal exceptions (10 events):
Event: 3919.562 Thread 0x00000000188cd000 Exception <a 'java/lang/NoSuchMethodError': <clinit>> (0x00000000e03a43e0) thrown at [C:\src\android\AOSP-openjdk\external\jetbrains\jdk\hotspot\src\share\vm\prims\jni.cpp, line 1591]
Event: 3919.579 Thread 0x00000000188cb000 Exception <a 'java/lang/NoSuchMethodError': <clinit>> (0x00000000e044c9c0) thrown at [C:\src\android\AOSP-openjdk\external\jetbrains\jdk\hotspot\src\share\vm\prims\jni.cpp, line 1591]
Event: 3919.580 Thread 0x00000000188cb000 Exception <a 'java/lang/NoSuchMethodError': <clinit>> (0x00000000e0454bb8) thrown at [C:\src\android\AOSP-openjdk\external\jetbrains\jdk\hotspot\src\share\vm\prims\jni.cpp, line 1591]
Event: 3919.596 Thread 0x00000000188cb000 Exception <a 'java/lang/NoSuchMethodError': <clinit>> (0x00000000e048ef40) thrown at [C:\src\android\AOSP-openjdk\external\jetbrains\jdk\hotspot\src\share\vm\prims\jni.cpp, line 1591]
Event: 3919.749 Thread 0x00000000188cb000 Implicit null exception at 0x0000000003a08803 to 0x0000000003a08d6d
Event: 3919.750 Thread 0x00000000188cb000 Implicit null exception at 0x00000000039df6f7 to 0x00000000039e013d
Event: 3919.751 Thread 0x00000000188cb000 Implicit null exception at 0x0000000003720e23 to 0x0000000003721471
Event: 3919.751 Thread 0x00000000188cb000 Implicit null exception at 0x0000000003e2a677 to 0x0000000003e2b0bd
Event: 3919.760 Thread 0x00000000188cb000 Exception <a 'java/lang/ClassNotFoundException': asLocalRepo101_9pcfhrp21ai7y3e3qxurs5vbqBeanInfo> (0x00000000e07eb808) thrown at [C:\src\android\AOSP-openjdk\external\jetbrains\jdk\hotspot\src\share\vm\classfile\systemDictionary.cpp, line 210]
Event: 3919.761 Thread 0x00000000188cb000 Exception <a 'java/lang/ClassNotFoundException': asLocalRepo101_9pcfhrp21ai7y3e3qxurs5vbqCustomizer> (0x00000000e07f5388) thrown at [C:\src\android\AOSP-openjdk\external\jetbrains\jdk\hotspot\src\share\vm\classfile\systemDictionary.cpp, line 210]

Events (10 events):
Event: 3919.773 Executing VM operation: RevokeBias
Event: 3919.773 Executing VM operation: RevokeBias done
Event: 3919.773 Executing VM operation: BulkRevokeBias
Event: 3919.773 Executing VM operation: BulkRevokeBias done
Event: 3919.786 loading class groovy/runtime/metaclass/settings_aj2rujpmw4ro20qlf2cx59bwzMetaClass
Event: 3919.786 loading class groovy/runtime/metaclass/settings_aj2rujpmw4ro20qlf2cx59bwzMetaClass done
Event: 3919.787 loading class groovy/runtime/metaclass/org/gradle/initialization/DefaultSettings_DecoratedMetaClass
Event: 3919.787 loading class groovy/runtime/metaclass/org/gradle/initialization/DefaultSettings_DecoratedMetaClass done
Event: 3919.802 loading class asLocalRepo101_9pcfhrp21ai7y3e3qxurs5vbq$_run_closure1$_closure2
Event: 3919.802 loading class asLocalRepo101_9pcfhrp21ai7y3e3qxurs5vbq$_run_closure1$_closure2 done


Dynamic libraries:
0x00007ff62b740000 - 0x00007ff62b771000 	D:\androidstudio\jre\bin\java.exe
0x00007ffa81960000 - 0x00007ffa81b41000 	C:\WINDOWS\SYSTEM32\ntdll.dll
0x00007ffa814c0000 - 0x00007ffa81572000 	C:\WINDOWS\System32\KERNEL32.DLL
0x00007ffa7e850000 - 0x00007ffa7eac3000 	C:\WINDOWS\System32\KERNELBASE.dll
0x00007ffa7ee80000 - 0x00007ffa7ef21000 	C:\WINDOWS\System32\ADVAPI32.dll
0x00007ffa81890000 - 0x00007ffa8192e000 	C:\WINDOWS\System32\msvcrt.dll
0x00007ffa7edf0000 - 0x00007ffa7ee4b000 	C:\WINDOWS\System32\sechost.dll
0x00007ffa81210000 - 0x00007ffa81334000 	C:\WINDOWS\System32\RPCRT4.dll
0x00007ffa7f560000 - 0x00007ffa7f6f0000 	C:\WINDOWS\System32\USER32.dll
0x00007ffa7dd90000 - 0x00007ffa7ddb0000 	C:\WINDOWS\System32\win32u.dll
0x00007ffa7f160000 - 0x00007ffa7f188000 	C:\WINDOWS\System32\GDI32.dll
0x00007ffa7ec50000 - 0x00007ffa7ede2000 	C:\WINDOWS\System32\gdi32full.dll
0x00007ffa7e0a0000 - 0x00007ffa7e13f000 	C:\WINDOWS\System32\msvcp_win.dll
0x00007ffa7ddb0000 - 0x00007ffa7deaa000 	C:\WINDOWS\System32\ucrtbase.dll
0x00007ffa74490000 - 0x00007ffa746f9000 	C:\WINDOWS\WinSxS\amd64_microsoft.windows.common-controls_6595b64144ccf1df_6.0.17134.345_none_fb429a5930656358\COMCTL32.dll
0x00007ffa7f230000 - 0x00007ffa7f553000 	C:\WINDOWS\System32\combase.dll
0x00007ffa7ebd0000 - 0x00007ffa7ec4a000 	C:\WINDOWS\System32\bcryptPrimitives.dll
0x00007ffa7ee50000 - 0x00007ffa7ee7d000 	C:\WINDOWS\System32\IMM32.DLL
0x000000005f0c0000 - 0x000000005f192000 	D:\androidstudio\jre\jre\bin\msvcr100.dll
0x000000005f5a0000 - 0x000000005fdd4000 	D:\androidstudio\jre\jre\bin\server\jvm.dll
0x00007ffa814b0000 - 0x00007ffa814b8000 	C:\WINDOWS\System32\PSAPI.DLL
0x00007ffa79170000 - 0x00007ffa79179000 	C:\WINDOWS\SYSTEM32\WSOCK32.dll
0x00007ffa7b8c0000 - 0x00007ffa7b8e3000 	C:\WINDOWS\SYSTEM32\WINMM.dll
0x00007ffa7ab80000 - 0x00007ffa7abaa000 	C:\WINDOWS\SYSTEM32\winmmbase.dll
0x00007ffa7ead0000 - 0x00007ffa7eb19000 	C:\WINDOWS\System32\cfgmgr32.dll
0x00007ffa79710000 - 0x00007ffa7971a000 	C:\WINDOWS\SYSTEM32\VERSION.dll
0x00007ffa81750000 - 0x00007ffa817bc000 	C:\WINDOWS\System32\WS2_32.dll
0x00007ffa71240000 - 0x00007ffa7124f000 	D:\androidstudio\jre\jre\bin\verify.dll
0x00007ffa71160000 - 0x00007ffa71189000 	D:\androidstudio\jre\jre\bin\java.dll
0x00007ffa6ebe0000 - 0x00007ffa6ebf6000 	D:\androidstudio\jre\jre\bin\zip.dll
0x00007ffa7fdd0000 - 0x00007ffa8120f000 	C:\WINDOWS\System32\SHELL32.dll
0x00007ffa7ef30000 - 0x00007ffa7efd9000 	C:\WINDOWS\System32\shcore.dll
0x00007ffa7e140000 - 0x00007ffa7e84d000 	C:\WINDOWS\System32\windows.storage.dll
0x00007ffa7fd70000 - 0x00007ffa7fdc1000 	C:\WINDOWS\System32\shlwapi.dll
0x00007ffa7dcc0000 - 0x00007ffa7dcd1000 	C:\WINDOWS\System32\kernel.appcore.dll
0x00007ffa7dc80000 - 0x00007ffa7dc9f000 	C:\WINDOWS\System32\profapi.dll
0x00007ffa7dce0000 - 0x00007ffa7dd2c000 	C:\WINDOWS\System32\powrprof.dll
0x00007ffa7dc70000 - 0x00007ffa7dc7a000 	C:\WINDOWS\System32\FLTLIB.DLL
0x00007ffa6d250000 - 0x00007ffa6d26a000 	D:\androidstudio\jre\jre\bin\net.dll
0x00007ffa7d4d0000 - 0x00007ffa7d536000 	C:\WINDOWS\system32\mswsock.dll
0x00007ffa69a80000 - 0x00007ffa69a91000 	D:\androidstudio\jre\jre\bin\nio.dll
0x00007ffa69ad0000 - 0x00007ffa69ae2000 	C:\Users\wuyou\.gradle\native\19\windows-amd64\native-platform.dll
0x00007ffa7d680000 - 0x00007ffa7d697000 	C:\WINDOWS\SYSTEM32\CRYPTSP.dll
0x00007ffa7d0b0000 - 0x00007ffa7d0e3000 	C:\WINDOWS\system32\rsaenh.dll
0x00007ffa7d7b0000 - 0x00007ffa7d7d5000 	C:\WINDOWS\SYSTEM32\bcrypt.dll
0x00007ffa7dba0000 - 0x00007ffa7dbc8000 	C:\WINDOWS\SYSTEM32\USERENV.dll
0x00007ffa7d6a0000 - 0x00007ffa7d6ab000 	C:\WINDOWS\SYSTEM32\CRYPTBASE.dll
0x00007ffa7d250000 - 0x00007ffa7d288000 	C:\WINDOWS\SYSTEM32\IPHLPAPI.DLL
0x00007ffa81340000 - 0x00007ffa81348000 	C:\WINDOWS\System32\NSI.dll
0x00007ffa77650000 - 0x00007ffa77666000 	C:\WINDOWS\SYSTEM32\dhcpcsvc6.DLL
0x00007ffa77f10000 - 0x00007ffa77f2a000 	C:\WINDOWS\SYSTEM32\dhcpcsvc.DLL
0x00007ffa6ff30000 - 0x00007ffa6ff3d000 	D:\androidstudio\jre\jre\bin\management.dll

VM Arguments:
jvm_args: -Xmx1536m -Dfile.encoding=GBK -Duser.country=CN -Duser.language=zh -Duser.variant 
java_command: org.gradle.launcher.daemon.bootstrap.GradleDaemon 2.14.1
java_class_path (initial): D:\androidstudio\gradle\gradle-2.14.1\lib\gradle-launcher-2.14.1.jar
Launcher Type: SUN_STANDARD

Environment Variables:
JAVA_HOME=C:\Program Files (x86)\Java\jdk1.8.0_131
PATH=C:\Users\wuyou\AppData\Local\Microsoft\WindowsApps;D:\Git\cmd;C:\Users\wuyou\AppData\Local\Microsoft\WindowsApps;
USERNAME=wuyou
OS=Windows_NT
PROCESSOR_IDENTIFIER=Intel64 Family 6 Model 60 Stepping 3, GenuineIntel



---------------  S Y S T E M  ---------------

OS: Windows 10.0 , 64 bit Build 17134 (10.0.17134.1)

CPU:total 4 (2 cores per cpu, 2 threads per core) family 6 model 60 stepping 3, cmov, cx8, fxsr, mmx, sse, sse2, sse3, ssse3, sse4.1, sse4.2, popcnt, avx, avx2, aes, clmul, erms, lzcnt, ht, tsc, tscinvbit, bmi1, bmi2

Memory: 4k page, physical 8298776k(1474240k free), swap 10346776k(2336k free)

vm_info: OpenJDK 64-Bit Server VM (25.76-b03) for windows-amd64 JRE (1.8.0_76-release-b03), built on Jun 29 2016 19:09:20 by "ralucas" with MS VC++ 10.0 (VS2010)

time: Wed Nov 07 14:11:16 2018
elapsed time: 3919 seconds (0d 1h 5m 19s)

